<?xml version="1.0" encoding="UTF-8"?>
<testsuite name="com.fly.RunTest" tests="1" skipped="0" failures="0" errors="0" timestamp="2023-02-20T02:23:22" hostname="DESKTOP-UEOH30D" time="0.705">
  <properties/>
  <testcase name="sss()" classname="com.fly.RunTest" time="0.705"/>
  <system-out><![CDATA[10:23:20.001 [Test worker] DEBUG org.springframework.test.context.BootstrapUtils - Instantiating CacheAwareContextLoaderDelegate from class [org.springframework.test.context.cache.DefaultCacheAwareContextLoaderDelegate]
10:23:20.010 [Test worker] DEBUG org.springframework.test.context.BootstrapUtils - Instantiating BootstrapContext using constructor [public org.springframework.test.context.support.DefaultBootstrapContext(java.lang.Class,org.springframework.test.context.CacheAwareContextLoaderDelegate)]
10:23:20.035 [Test worker] DEBUG org.springframework.test.context.BootstrapUtils - Instantiating TestContextBootstrapper for test class [com.fly.RunTest] from class [org.springframework.boot.test.context.SpringBootTestContextBootstrapper]
10:23:20.045 [Test worker] INFO org.springframework.boot.test.context.SpringBootTestContextBootstrapper - Neither @ContextConfiguration nor @ContextHierarchy found for test class [com.fly.RunTest], using SpringBootContextLoader
10:23:20.048 [Test worker] DEBUG org.springframework.test.context.support.AbstractContextLoader - Did not detect default resource location for test class [com.fly.RunTest]: class path resource [com/fly/RunTest-context.xml] does not exist
10:23:20.048 [Test worker] DEBUG org.springframework.test.context.support.AbstractContextLoader - Did not detect default resource location for test class [com.fly.RunTest]: class path resource [com/fly/RunTestContext.groovy] does not exist
10:23:20.048 [Test worker] INFO org.springframework.test.context.support.AbstractContextLoader - Could not detect default resource locations for test class [com.fly.RunTest]: no resource found for suffixes {-context.xml, Context.groovy}.
10:23:20.081 [Test worker] DEBUG org.springframework.test.context.support.ActiveProfilesUtils - Could not find an 'annotation declaring class' for annotation type [org.springframework.test.context.ActiveProfiles] and class [com.fly.RunTest]
10:23:20.179 [Test worker] DEBUG org.springframework.boot.test.context.SpringBootTestContextBootstrapper - @TestExecutionListeners is not present for class [com.fly.RunTest]: using defaults.
10:23:20.179 [Test worker] INFO org.springframework.boot.test.context.SpringBootTestContextBootstrapper - Loaded default TestExecutionListener class names from location [META-INF/spring.factories]: [org.springframework.boot.test.autoconfigure.restdocs.RestDocsTestExecutionListener, org.springframework.boot.test.autoconfigure.web.client.MockRestServiceServerResetTestExecutionListener, org.springframework.boot.test.autoconfigure.web.servlet.MockMvcPrintOnlyOnFailureTestExecutionListener, org.springframework.boot.test.autoconfigure.web.servlet.WebDriverTestExecutionListener, org.springframework.boot.test.autoconfigure.webservices.client.MockWebServiceServerTestExecutionListener, org.springframework.boot.test.mock.mockito.MockitoTestExecutionListener, org.springframework.boot.test.mock.mockito.ResetMocksTestExecutionListener, org.springframework.test.context.web.ServletTestExecutionListener, org.springframework.test.context.support.DirtiesContextBeforeModesTestExecutionListener, org.springframework.test.context.event.ApplicationEventsTestExecutionListener, org.springframework.test.context.support.DependencyInjectionTestExecutionListener, org.springframework.test.context.support.DirtiesContextTestExecutionListener, org.springframework.test.context.transaction.TransactionalTestExecutionListener, org.springframework.test.context.jdbc.SqlScriptsTestExecutionListener, org.springframework.test.context.event.EventPublishingTestExecutionListener]
10:23:20.194 [Test worker] INFO org.springframework.boot.test.context.SpringBootTestContextBootstrapper - Using TestExecutionListeners: [org.springframework.test.context.web.ServletTestExecutionListener@55493582, org.springframework.test.context.support.DirtiesContextBeforeModesTestExecutionListener@1a20270e, org.springframework.test.context.event.ApplicationEventsTestExecutionListener@6b88ca8c, org.springframework.boot.test.mock.mockito.MockitoTestExecutionListener@336f1079, org.springframework.boot.test.autoconfigure.SpringBootDependencyInjectionTestExecutionListener@2f16c6b3, org.springframework.test.context.support.DirtiesContextTestExecutionListener@34158c08, org.springframework.test.context.transaction.TransactionalTestExecutionListener@19e4fcac, org.springframework.test.context.jdbc.SqlScriptsTestExecutionListener@52c3cb31, org.springframework.test.context.event.EventPublishingTestExecutionListener@4b79ac84, org.springframework.boot.test.autoconfigure.restdocs.RestDocsTestExecutionListener@53941c2f, org.springframework.boot.test.autoconfigure.web.client.MockRestServiceServerResetTestExecutionListener@6dab9b6d, org.springframework.boot.test.autoconfigure.web.servlet.MockMvcPrintOnlyOnFailureTestExecutionListener@21fd5faa, org.springframework.boot.test.autoconfigure.web.servlet.WebDriverTestExecutionListener@2766ca9d, org.springframework.boot.test.autoconfigure.webservices.client.MockWebServiceServerTestExecutionListener@5460cf3a, org.springframework.boot.test.mock.mockito.ResetMocksTestExecutionListener@65a15628]
10:23:20.197 [Test worker] DEBUG org.springframework.test.context.support.AbstractDirtiesContextTestExecutionListener - Before test class: context [DefaultTestContext@3a4621bd testClass = RunTest, testInstance = [null], testMethod = [null], testException = [null], mergedContextConfiguration = [WebMergedContextConfiguration@31dadd46 testClass = RunTest, locations = '{}', classes = '{class com.fly.ServerApplication}', contextInitializerClasses = '[]', activeProfiles = '{}', propertySourceLocations = '{}', propertySourceProperties = '{org.springframework.boot.test.context.SpringBootTestContextBootstrapper=true}', contextCustomizers = set[org.springframework.boot.test.autoconfigure.actuate.metrics.MetricsExportContextCustomizerFactory$DisableMetricExportContextCustomizer@1b919693, org.springframework.boot.test.autoconfigure.properties.PropertyMappingContextCustomizer@0, org.springframework.boot.test.autoconfigure.web.servlet.WebDriverContextCustomizerFactory$Customizer@1b66c0fb, org.springframework.boot.test.context.filter.ExcludeFilterContextCustomizer@1e4f4a5c, org.springframework.boot.test.json.DuplicateJsonObjectContextCustomizerFactory$DuplicateJsonObjectContextCustomizer@23941fb4, org.springframework.boot.test.mock.mockito.MockitoContextCustomizer@0, org.springframework.boot.test.web.client.TestRestTemplateContextCustomizer@7d322cad, org.springframework.boot.test.context.SpringBootTestArgs@1, org.springframework.boot.test.context.SpringBootTestWebEnvironment@c33b74f], resourceBasePath = 'src/main/webapp', contextLoader = 'org.springframework.boot.test.context.SpringBootContextLoader', parent = [null]], attributes = map['org.springframework.test.context.web.ServletTestExecutionListener.activateListener' -> true]], class annotated with @DirtiesContext [false] with mode [null].

2023-02-20 10:23:20.517  INFO 12476 --- [    Test worker] com.fly.RunTest                          : Starting RunTest using Java 1.8.0_351 on DESKTOP-UEOH30D with PID 12476 (started by admin in C:\study\java\demo\wuhu-boot\wuhu-boot-server)
2023-02-20 10:23:20.518  INFO 12476 --- [    Test worker] com.fly.RunTest                          : The following 1 profile is active: "dev"
2023-02-20 10:23:21.061  INFO 12476 --- [    Test worker] .s.d.r.c.RepositoryConfigurationDelegate : Multiple Spring Data modules found, entering strict repository configuration mode
2023-02-20 10:23:21.064  INFO 12476 --- [    Test worker] .s.d.r.c.RepositoryConfigurationDelegate : Bootstrapping Spring Data Redis repositories in DEFAULT mode.
2023-02-20 10:23:21.089  INFO 12476 --- [    Test worker] .s.d.r.c.RepositoryConfigurationDelegate : Finished Spring Data repository scanning in 10 ms. Found 0 Redis repository interfaces.
 _ _   |_  _ _|_. ___ _ |    _ 
| | |\/|_)(_| | |_\  |_)||_|_\ 
     /               |         
                        3.5.3.1 
2023-02-20 10:23:22.945  INFO 12476 --- [    Test worker] com.fly.RunTest                          : Started RunTest in 2.72 seconds (JVM running for 3.585)
asdasdasd
2023-02-20 10:23:23.169  INFO 12476 --- [    Test worker] com.zaxxer.hikari.HikariDataSource       : HikariPool-1 - Starting...
2023-02-20 10:23:23.618  INFO 12476 --- [    Test worker] com.zaxxer.hikari.HikariDataSource       : HikariPool-1 - Start completed.
sysRoleMapper:[SysRoleDO(id=1, roleName=管理员, roleKey=admin, dataScope=1), SysRoleDO(id=2, roleName=董事长, roleKey=leader, dataScope=1), SysRoleDO(id=3, roleName=普通员工, roleKey=employee, dataScope=1)]
]]></system-out>
  <system-err><![CDATA[]]></system-err>
</testsuite>
